2020-05-08 19:59:19,497 [WARN] from slick.basic.DatabaseConfig in play-dev-mode-akka.actor.default-dispatcher-6 - Use `profile` instead of `driver`. The latter is deprecated since Slick 3.2 and will be removed.
2020-05-08 19:59:20,997 [INFO] from play.api.http.EnabledFilters in play-dev-mode-akka.actor.default-dispatcher-6 - Enabled Filters (see <https://www.playframework.com/documentation/latest/Filters>):

    play.filters.csrf.CSRFFilter
    play.filters.headers.SecurityHeadersFilter
    play.filters.hosts.AllowedHostsFilter
    filters.ExampleFilter
    filters.ExampleFilter
    play.filters.cors.CORSFilter

2020-05-08 19:59:21,007 [INFO] from play.api.Play in play-dev-mode-akka.actor.default-dispatcher-6 - Application started (Dev) (no global state)
2020-05-08 22:20:01,455 [WARN] from slick.basic.DatabaseConfig in play-dev-mode-akka.actor.default-dispatcher-11 - Use `profile` instead of `driver`. The latter is deprecated since Slick 3.2 and will be removed.
2020-05-08 22:20:01,786 [INFO] from play.api.http.EnabledFilters in play-dev-mode-akka.actor.default-dispatcher-11 - Enabled Filters (see <https://www.playframework.com/documentation/latest/Filters>):

    play.filters.csrf.CSRFFilter
    play.filters.headers.SecurityHeadersFilter
    play.filters.hosts.AllowedHostsFilter
    filters.ExampleFilter
    filters.ExampleFilter
    play.filters.cors.CORSFilter

2020-05-08 22:20:01,792 [INFO] from play.api.Play in play-dev-mode-akka.actor.default-dispatcher-11 - Application started (Dev) (no global state)
2020-05-08 22:20:42,667 [WARN] from slick.basic.DatabaseConfig in play-dev-mode-akka.actor.default-dispatcher-11 - Use `profile` instead of `driver`. The latter is deprecated since Slick 3.2 and will be removed.
2020-05-08 22:20:43,030 [INFO] from play.api.http.EnabledFilters in play-dev-mode-akka.actor.default-dispatcher-11 - Enabled Filters (see <https://www.playframework.com/documentation/latest/Filters>):

    play.filters.csrf.CSRFFilter
    play.filters.headers.SecurityHeadersFilter
    play.filters.hosts.AllowedHostsFilter
    filters.ExampleFilter
    filters.ExampleFilter
    play.filters.cors.CORSFilter

2020-05-08 22:20:43,040 [INFO] from play.api.Play in play-dev-mode-akka.actor.default-dispatcher-11 - Application started (Dev) (no global state)
2020-05-08 22:20:52,639 [WARN] from slick.basic.DatabaseConfig in play-dev-mode-akka.actor.default-dispatcher-10 - Use `profile` instead of `driver`. The latter is deprecated since Slick 3.2 and will be removed.
2020-05-08 22:20:52,757 [INFO] from play.api.http.EnabledFilters in play-dev-mode-akka.actor.default-dispatcher-10 - Enabled Filters (see <https://www.playframework.com/documentation/latest/Filters>):

    play.filters.csrf.CSRFFilter
    play.filters.headers.SecurityHeadersFilter
    play.filters.hosts.AllowedHostsFilter
    filters.ExampleFilter
    filters.ExampleFilter
    play.filters.cors.CORSFilter

2020-05-08 22:20:52,761 [INFO] from play.api.Play in play-dev-mode-akka.actor.default-dispatcher-10 - Application started (Dev) (no global state)
2020-05-08 22:21:31,645 [WARN] from slick.basic.DatabaseConfig in play-dev-mode-akka.actor.default-dispatcher-9 - Use `profile` instead of `driver`. The latter is deprecated since Slick 3.2 and will be removed.
2020-05-08 22:21:31,821 [INFO] from play.api.http.EnabledFilters in play-dev-mode-akka.actor.default-dispatcher-9 - Enabled Filters (see <https://www.playframework.com/documentation/latest/Filters>):

    play.filters.csrf.CSRFFilter
    play.filters.headers.SecurityHeadersFilter
    play.filters.hosts.AllowedHostsFilter
    filters.ExampleFilter
    filters.ExampleFilter
    play.filters.cors.CORSFilter

2020-05-08 22:21:31,826 [INFO] from play.api.Play in play-dev-mode-akka.actor.default-dispatcher-9 - Application started (Dev) (no global state)
2020-05-08 22:23:54,972 [WARN] from slick.basic.DatabaseConfig in play-dev-mode-akka.actor.default-dispatcher-13 - Use `profile` instead of `driver`. The latter is deprecated since Slick 3.2 and will be removed.
2020-05-08 22:23:55,107 [INFO] from play.api.http.EnabledFilters in play-dev-mode-akka.actor.default-dispatcher-13 - Enabled Filters (see <https://www.playframework.com/documentation/latest/Filters>):

    play.filters.csrf.CSRFFilter
    play.filters.headers.SecurityHeadersFilter
    play.filters.hosts.AllowedHostsFilter
    filters.ExampleFilter
    filters.ExampleFilter
    play.filters.cors.CORSFilter

2020-05-08 22:23:55,111 [INFO] from play.api.Play in play-dev-mode-akka.actor.default-dispatcher-13 - Application started (Dev) (no global state)
2020-05-08 22:24:13,400 [WARN] from slick.basic.DatabaseConfig in play-dev-mode-akka.actor.default-dispatcher-9 - Use `profile` instead of `driver`. The latter is deprecated since Slick 3.2 and will be removed.
2020-05-08 22:24:13,968 [INFO] from play.api.http.EnabledFilters in play-dev-mode-akka.actor.default-dispatcher-9 - Enabled Filters (see <https://www.playframework.com/documentation/latest/Filters>):

    play.filters.csrf.CSRFFilter
    play.filters.headers.SecurityHeadersFilter
    play.filters.hosts.AllowedHostsFilter
    filters.ExampleFilter
    filters.ExampleFilter
    play.filters.cors.CORSFilter

2020-05-08 22:24:13,971 [INFO] from play.api.Play in play-dev-mode-akka.actor.default-dispatcher-9 - Application started (Dev) (no global state)
2020-05-08 22:24:30,246 [WARN] from slick.basic.DatabaseConfig in play-dev-mode-akka.actor.default-dispatcher-9 - Use `profile` instead of `driver`. The latter is deprecated since Slick 3.2 and will be removed.
2020-05-08 22:24:30,352 [INFO] from play.api.http.EnabledFilters in play-dev-mode-akka.actor.default-dispatcher-9 - Enabled Filters (see <https://www.playframework.com/documentation/latest/Filters>):

    play.filters.csrf.CSRFFilter
    play.filters.headers.SecurityHeadersFilter
    play.filters.hosts.AllowedHostsFilter
    filters.ExampleFilter
    filters.ExampleFilter
    play.filters.cors.CORSFilter

2020-05-08 22:24:30,355 [INFO] from play.api.Play in play-dev-mode-akka.actor.default-dispatcher-9 - Application started (Dev) (no global state)
2020-05-08 22:24:45,717 [WARN] from slick.basic.DatabaseConfig in play-dev-mode-akka.actor.default-dispatcher-9 - Use `profile` instead of `driver`. The latter is deprecated since Slick 3.2 and will be removed.
2020-05-08 22:24:46,192 [INFO] from play.api.http.EnabledFilters in play-dev-mode-akka.actor.default-dispatcher-9 - Enabled Filters (see <https://www.playframework.com/documentation/latest/Filters>):

    play.filters.csrf.CSRFFilter
    play.filters.headers.SecurityHeadersFilter
    play.filters.hosts.AllowedHostsFilter
    filters.ExampleFilter
    filters.ExampleFilter
    play.filters.cors.CORSFilter

2020-05-08 22:24:46,195 [INFO] from play.api.Play in play-dev-mode-akka.actor.default-dispatcher-9 - Application started (Dev) (no global state)
2020-05-08 22:25:03,954 [WARN] from slick.basic.DatabaseConfig in play-dev-mode-akka.actor.default-dispatcher-8 - Use `profile` instead of `driver`. The latter is deprecated since Slick 3.2 and will be removed.
2020-05-08 22:25:04,349 [INFO] from play.api.http.EnabledFilters in play-dev-mode-akka.actor.default-dispatcher-8 - Enabled Filters (see <https://www.playframework.com/documentation/latest/Filters>):

    play.filters.csrf.CSRFFilter
    play.filters.headers.SecurityHeadersFilter
    play.filters.hosts.AllowedHostsFilter
    filters.ExampleFilter
    filters.ExampleFilter
    play.filters.cors.CORSFilter

2020-05-08 22:25:04,351 [INFO] from play.api.Play in play-dev-mode-akka.actor.default-dispatcher-8 - Application started (Dev) (no global state)
2020-05-08 22:25:45,262 [WARN] from slick.basic.DatabaseConfig in play-dev-mode-akka.actor.default-dispatcher-13 - Use `profile` instead of `driver`. The latter is deprecated since Slick 3.2 and will be removed.
2020-05-08 22:25:45,377 [INFO] from play.api.http.EnabledFilters in play-dev-mode-akka.actor.default-dispatcher-13 - Enabled Filters (see <https://www.playframework.com/documentation/latest/Filters>):

    play.filters.csrf.CSRFFilter
    play.filters.headers.SecurityHeadersFilter
    play.filters.hosts.AllowedHostsFilter
    filters.ExampleFilter
    filters.ExampleFilter
    play.filters.cors.CORSFilter

2020-05-08 22:25:45,379 [INFO] from play.api.Play in play-dev-mode-akka.actor.default-dispatcher-13 - Application started (Dev) (no global state)
2020-05-08 22:27:48,868 [WARN] from slick.basic.DatabaseConfig in play-dev-mode-akka.actor.default-dispatcher-6 - Use `profile` instead of `driver`. The latter is deprecated since Slick 3.2 and will be removed.
2020-05-08 22:27:49,006 [INFO] from play.api.http.EnabledFilters in play-dev-mode-akka.actor.default-dispatcher-6 - Enabled Filters (see <https://www.playframework.com/documentation/latest/Filters>):

    play.filters.csrf.CSRFFilter
    play.filters.headers.SecurityHeadersFilter
    play.filters.hosts.AllowedHostsFilter
    filters.ExampleFilter
    filters.ExampleFilter
    play.filters.cors.CORSFilter

2020-05-08 22:27:49,015 [INFO] from play.api.Play in play-dev-mode-akka.actor.default-dispatcher-6 - Application started (Dev) (no global state)
